2013-12-09 02:56:07 /index.html
2013-12-09 02:56:23 /index.html
2013-12-09 03:00:12 /index.html
2013-12-09 04:56:42 /index.html
2013-12-09 05:03:51 /index.html
2013-12-09 05:05:01 /index.html
2013-12-09 05:05:43 /index.html
2013-12-09 05:10:04 /index.html
2013-12-09 05:10:25 /index.html
2013-12-09 05:11:08 /index.html
2013-12-09 05:11:21 /index.html
2013-12-09 05:11:48 /index.html
2013-12-09 05:25:05 /index.html
2013-12-09 05:52:19 /index.html
2013-12-09 05:52:24 /favicon.ico
2013-12-09 05:52:32 /getAuth.html
2013-12-09 05:53:32 /index.html
2013-12-09 05:54:07 /getAuth.html
2013-12-09 05:54:25 /index.html
2013-12-09 06:04:58 /index.html
2013-12-13 10:58:26 /index.html
2013-12-16 07:42:23 /index.html
2013-12-16 07:42:28 /favicon.ico
2013-12-16 07:47:03 /index.html
2013-12-16 10:55:52 /getAuth.html
2013-12-16 10:59:29 /index.html
2013-12-16 11:30:34 /index.html
2013-12-16 11:31:07 /index.html
2013-12-16 11:31:17 /getAuth.html
2013-12-17 12:52:57 /index.html
2013-12-17 12:53:05 /getAuth.html
2013-12-21 10:13:23 /index.html
2013-12-21 10:13:25 /favicon.ico
2013-12-21 10:13:31 /getAuth.html
2013-12-21 10:13:52 /cgi-bin/getAuth?email=123%40123.com&password=123123
2015-03-30 06:45:42 /login
2015-03-30 06:45:56 /login
2015-03-30 07:12:15 /login
2015-03-30 07:12:39 /login.html
2015-03-30 07:12:59 /index.html
2015-03-30 07:13:09 /index
2015-03-30 07:19:09 /index
2015-03-30 07:19:16 /index
2015-03-30 07:19:27 /index
2015-03-30 07:20:38 /index
2015-03-30 07:21:04 /index
2015-03-30 07:24:16 /index
2015-03-30 07:28:18 /index
2015-03-30 07:28:22 /indexy·
2015-03-30 07:28:25 /indexy·
2015-03-30 07:28:29 /indexy·
2015-03-30 07:28:49 /indexy·
2015-03-30 07:29:31 /indexy·Ð
2015-03-30 07:29:36 /index.html
2015-03-30 07:29:44 /index.html
2015-03-30 07:29:51 /index.html
2015-03-30 07:30:03 /index.html
2015-03-30 07:33:22 /index.html
2015-03-30 07:33:50 /index.html
2015-03-30 07:36:04 /index.html
2015-03-30 07:36:30 /index.html
2015-03-30 07:36:35 /index.html
2015-03-30 07:41:58 /index.html
2015-03-30 07:42:04 /login.html
2015-03-30 07:42:20 /getAuth.html
2015-03-30 07:43:11 /cgi-bin/getAuth?email=admin%40123.com&password=admin
2015-03-30 07:43:38 /postAuth.html
2015-03-30 07:43:58 /index.html
2015-03-30 07:47:13 /index.html
2015-03-30 07:47:20 /index.html
2015-03-30 07:47:25 /index.html
2015-03-30 07:47:57 /index.html
2015-03-30 07:49:47 /index.html
2015-03-30 07:49:56 /index.html
2015-03-30 07:50:52 /index.html
2015-03-30 07:51:00 /index.html
2015-03-30 07:55:45 /index.html
2015-03-30 07:56:23 /index.html
2015-03-30 07:56:24 /index.html
